<?xml version="1.0" encoding="UTF-8"?>
<!-- Generated by org.testng.reporters.JUnitReportReporter -->
<testsuite skipped="0" hostname="tm15" name="testng.Ohrm1" tests="1" failures="0" timestamp="23 Mar 2018 06:25:05 GMT" time="12.655" errors="0">
  <testcase name="loginHomePage" time="12.655" classname="testng.Ohrm1"/>
</testsuite> <!-- testng.Ohrm1 -->
