<?xml version="1.0" encoding="UTF-8"?>
<!-- Generated by org.testng.reporters.JUnitReportReporter -->
<testsuite skipped="0" hostname="tm15" name="testng.Child" tests="2" failures="0" timestamp="23 Mar 2018 06:01:39 GMT" time="0.016" errors="0">
  <testcase name="tc01" time="0.016" classname="testng.Child"/>
  <testcase name="tc02" time="0.000" classname="testng.Child"/>
</testsuite> <!-- testng.Child -->
