<?xml version="1.0" encoding="UTF-8"?>
<!-- Generated by org.testng.reporters.JUnitReportReporter -->
<testsuite skipped="0" hostname="tm15" name="com.testcases.Assertionexample" tests="1" failures="0" timestamp="02 Apr 2018 04:51:38 GMT" time="0.015" errors="0">
  <testcase name="testAssertion" time="0.015" classname="com.testcases.Assertionexample"/>
</testsuite> <!-- com.testcases.Assertionexample -->
