<?xml version="1.0" encoding="UTF-8"?>
<!-- Generated by org.testng.reporters.JUnitReportReporter -->
<testsuite skipped="0" hostname="tm15" name="com.testcases.TestngSample" tests="1" failures="0" timestamp="02 Apr 2018 07:20:29 GMT" time="0.015" errors="0">
  <testcase name="text" time="0.015" classname="com.testcases.TestngSample"/>
</testsuite> <!-- com.testcases.TestngSample -->
